<?xml version="1.0" encoding="UTF-8"?>
<!-- Generated by org.testng.reporters.JUnitReportReporter -->
<testsuite skipped="0" hostname="DESKTOP-LNNQE2O" name="TravelsTests.EcxellTest" tests="1" failures="0" timestamp="2019-12-11T16:16:06 CET" time="15.907" errors="0">
  <testcase name="LoginExcell" time="15.907" classname="TravelsTests.EcxellTest"/>
</testsuite> <!-- TravelsTests.EcxellTest -->
