<?xml version="1.0" encoding="UTF-8"?>
<!-- Generated by org.testng.reporters.JUnitReportReporter -->
<testsuite skipped="0" hostname="DESKTOP-LNNQE2O" name="TravelsTests.TravelsLoginTest" tests="1" failures="0" timestamp="2019-12-11T19:59:26 CET" time="15.657" errors="0">
  <testcase name="Login" time="15.657" classname="TravelsTests.TravelsLoginTest"/>
</testsuite> <!-- TravelsTests.TravelsLoginTest -->
