<?xml version="1.0" encoding="UTF-8"?>
<!-- Generated by org.testng.reporters.JUnitReportReporter -->
<testsuite skipped="0" hostname="DESKTOP-LNNQE2O" name="TravelsTests.TravelsCarsExtrasTest" tests="2" failures="0" timestamp="2019-12-12T21:07:40 CET" time="43.766" errors="0">
  <testcase name="Login" time="14.710" classname="TravelsTests.TravelsCarsExtrasTest"/>
  <testcase name="AddingCar" time="29.056" classname="TravelsTests.TravelsCarsExtrasTest"/>
</testsuite> <!-- TravelsTests.TravelsCarsExtrasTest -->
