<?xml version="1.0" encoding="UTF-8"?>
<!-- Generated by org.testng.reporters.JUnitReportReporter -->
<testsuite skipped="0" hostname="DESKTOP-LNNQE2O" name="TravelsTests.TravelsMenuTest" tests="2" failures="0" timestamp="2019-12-11T21:14:31 CET" time="114.246" errors="0">
  <testcase name="Login" time="67.006" classname="TravelsTests.TravelsMenuTest"/>
  <testcase name="CouponsMenu" time="47.240" classname="TravelsTests.TravelsMenuTest"/>
</testsuite> <!-- TravelsTests.TravelsMenuTest -->
