<?xml version="1.0" encoding="UTF-8"?>
<!-- Generated by org.testng.reporters.JUnitReportReporter -->
<testsuite skipped="0" hostname="DESKTOP-LNNQE2O" name="Utils.EcxellTest" tests="1" failures="0" timestamp="2019-12-13T12:16:14 CET" time="19.925" errors="0">
  <testcase name="LoginExcell" time="19.925" classname="Utils.EcxellTest"/>
</testsuite> <!-- Utils.EcxellTest -->
